<?xml version="1.0" encoding="UTF-8"?>
<!-- Generated by org.testng.reporters.JUnitReportReporter -->
<testsuite hostname="LTPUSNY2127380" name="com.stta.SuiteThree.SuiteThreeCaseOne" tests="3" failures="0" timestamp="23 Dec 2016 15:36:17 GMT" time="0.768" errors="0">
  <testcase name="TC_01_TestCase" time="0.325" classname="com.stta.SuiteThree.SuiteThreeCaseOne"/>
  <testcase name="TC_02_TestCase" time="0.199" classname="com.stta.SuiteThree.SuiteThreeCaseOne"/>
  <testcase name="TC_01_TestCase" time="0.244" classname="com.stta.SuiteThree.SuiteThreeCaseOne"/>
</testsuite> <!-- com.stta.SuiteThree.SuiteThreeCaseOne -->
