<?xml version="1.0" encoding="UTF-8"?>
<!-- Generated by org.testng.reporters.JUnitReportReporter -->
<testsuite hostname="LTPUSNY2127380" name="com.stta.SuiteOne.SuiteOneCaseOne" tests="2" failures="0" timestamp="23 Dec 2016 15:36:17 GMT" time="66.447" errors="0">
  <testcase name="SuiteOneCaseOneTest" time="55.769" classname="com.stta.SuiteOne.SuiteOneCaseOne"/>
  <testcase name="SuiteOneCaseOneTest" time="10.678" classname="com.stta.SuiteOne.SuiteOneCaseOne"/>
</testsuite> <!-- com.stta.SuiteOne.SuiteOneCaseOne -->
