<?xml version="1.0" encoding="UTF-8"?>
<!-- Generated by org.testng.reporters.JUnitReportReporter -->
<testsuite hostname="LTPUSNY2127380" name="com.stta.SuiteTwo.SuiteTwoCaseOne" tests="2" failures="0" timestamp="23 Dec 2016 15:36:16 GMT" time="32.574" errors="0">
  <testcase name="SuiteTwoCaseOneTest" time="22.452" classname="com.stta.SuiteTwo.SuiteTwoCaseOne"/>
  <testcase name="SuiteTwoCaseOneTest" time="10.122" classname="com.stta.SuiteTwo.SuiteTwoCaseOne"/>
</testsuite> <!-- com.stta.SuiteTwo.SuiteTwoCaseOne -->
