<?xml version="1.0" encoding="UTF-8"?>
<!-- Generated by org.testng.reporters.JUnitReportReporter -->
<testsuite skipped="1" hostname="LTPUSNY2127380" name="com.stta.SuiteTwo.SuiteTwoCaseOne" tests="1" failures="0" timestamp="29 Dec 2016 06:19:36 GMT" time="0.000" errors="0">
  <testcase name="SuiteTwoCaseOneTest" time="0.000" classname="com.stta.SuiteTwo.SuiteTwoCaseOne">
    <skipped/>
  </testcase> <!-- SuiteTwoCaseOneTest -->
</testsuite> <!-- com.stta.SuiteTwo.SuiteTwoCaseOne -->
