<?xml version="1.0" encoding="UTF-8"?>
<!-- Generated by org.testng.reporters.JUnitReportReporter -->
<testsuite skipped="1" hostname="LTPUSNY2127380" name="com.stta.SuiteOne.SuiteOneCaseTwo" tests="1" failures="0" timestamp="29 Dec 2016 06:43:59 GMT" time="0.000" errors="0">
  <testcase name="SuiteOneCaseTwoTest" time="0.000" classname="com.stta.SuiteOne.SuiteOneCaseTwo">
    <skipped/>
  </testcase> <!-- SuiteOneCaseTwoTest -->
</testsuite> <!-- com.stta.SuiteOne.SuiteOneCaseTwo -->
