<?xml version="1.0" encoding="UTF-8"?>
<!-- Generated by org.testng.reporters.JUnitReportReporter -->
<testsuite skipped="0" hostname="LTPUSNY2127380" name="com.stta.SuiteThree.SuiteThreeCaseTwo" tests="1" failures="0" timestamp="23 Dec 2016 05:44:09 GMT" time="0.122" errors="0">
  <testcase name="TC_03_TestCase" time="0.122" classname="com.stta.SuiteThree.SuiteThreeCaseTwo"/>
</testsuite> <!-- com.stta.SuiteThree.SuiteThreeCaseTwo -->
